[debug] [2021-10-25T02:13:23.920Z] ----------------------------------------------------------------------
[debug] [2021-10-25T02:13:23.926Z] Command:       C:\Program Files\nodejs\node.exe C:\Users\DaveMatics\AppData\Roaming\npm\node_modules\firebase-tools\lib\bin\firebase.js deploy
[debug] [2021-10-25T02:13:23.928Z] CLI Version:   9.16.0
[debug] [2021-10-25T02:13:23.928Z] Platform:      win32
[debug] [2021-10-25T02:13:23.929Z] Node Version:  v14.17.6
[debug] [2021-10-25T02:13:23.931Z] Time:          Mon Oct 25 2021 04:13:23 GMT+0200 (South Africa Standard Time)
[debug] [2021-10-25T02:13:23.931Z] ----------------------------------------------------------------------
[debug] 
[debug] [2021-10-25T02:13:24.464Z] > command requires scopes: ["email","openid","https://www.googleapis.com/auth/cloudplatformprojects.readonly","https://www.googleapis.com/auth/firebase","https://www.googleapis.com/auth/cloud-platform"]
[debug] [2021-10-25T02:13:24.465Z] > authorizing via signed-in user (mmabathomafane39@gmail.com)
[debug] [2021-10-25T02:13:24.465Z] [iam] checking project to-do-list-45d2e for permissions ["firebase.projects.get","firebasehosting.sites.update"]
[debug] [2021-10-25T02:13:24.472Z] > refreshing access token with scopes: ["email","https://www.googleapis.com/auth/cloud-platform","https://www.googleapis.com/auth/cloudplatformprojects.readonly","https://www.googleapis.com/auth/firebase","openid"]
[debug] [2021-10-25T02:13:24.473Z] >>> HTTP REQUEST POST https://www.googleapis.com/oauth2/v3/token  
 <request body omitted>
[debug] [2021-10-25T02:13:46.124Z] [iam] error while checking permissions, command may fail: FirebaseError: Authentication Error: Your credentials are no longer valid. Please run firebase login --reauth

For CI servers and headless environments, generate a new token with firebase login:ci
[debug] [2021-10-25T02:13:46.129Z] >>> [apiv2][query] GET https://firebase.googleapis.com/v1beta1/projects/to-do-list-45d2e [none]
[debug] [2021-10-25T02:13:57.355Z] Failed to make request to https://firebase.googleapis.com/v1beta1/projects/to-do-list-45d2e
[debug] [2021-10-25T02:14:08.618Z] FirebaseError: Failed to make request to https://firebase.googleapis.com/v1beta1/projects/to-do-list-45d2e
    at Client.doRequest (C:\Users\DaveMatics\AppData\Roaming\npm\node_modules\firebase-tools\lib\apiv2.js:211:19)
    at processTicksAndRejections (internal/process/task_queues.js:95:5)
    at async Client.request (C:\Users\DaveMatics\AppData\Roaming\npm\node_modules\firebase-tools\lib\apiv2.js:96:20)
    at async Object.getFirebaseProject (C:\Users\DaveMatics\AppData\Roaming\npm\node_modules\firebase-tools\lib\management\projects.js:290:21)
    at async Object.getDefaultHostingSite (C:\Users\DaveMatics\AppData\Roaming\npm\node_modules\firebase-tools\lib\getDefaultHostingSite.js:8:21)
    at async requireHostingSite (C:\Users\DaveMatics\AppData\Roaming\npm\node_modules\firebase-tools\lib\requireHostingSite.js:9:18)
    at async Object.fn (C:\Users\DaveMatics\AppData\Roaming\npm\node_modules\firebase-tools\lib\commands\deploy.js:65:9)
    at async C:\Users\DaveMatics\AppData\Roaming\npm\node_modules\firebase-tools\lib\command.js:169:17
[error] 
[error] Error: Failed to get Firebase project to-do-list-45d2e. Please make sure the project exists and your account has permission to access it.
